[debug] [2020-04-16T20:40:57.040Z] ----------------------------------------------------------------------
[debug] [2020-04-16T20:40:57.042Z] Command:       /usr/local/bin/node /usr/local/bin/firebase serve
[debug] [2020-04-16T20:40:57.043Z] CLI Version:   8.0.3
[debug] [2020-04-16T20:40:57.043Z] Platform:      darwin
[debug] [2020-04-16T20:40:57.043Z] Node Version:  v13.6.0
[debug] [2020-04-16T20:40:57.043Z] Time:          Thu Apr 16 2020 16:40:57 GMT-0400 (Eastern Daylight Time)
[debug] [2020-04-16T20:40:57.044Z] ----------------------------------------------------------------------
[debug] [2020-04-16T20:40:57.044Z] 
[debug] [2020-04-16T20:40:57.051Z] > command requires scopes: ["email","openid","https://www.googleapis.com/auth/cloudplatformprojects.readonly","https://www.googleapis.com/auth/firebase","https://www.googleapis.com/auth/cloud-platform"]
[debug] [2020-04-16T20:40:57.052Z] > authorizing via signed-in user
[debug] [2020-04-16T20:40:57.052Z] [iam] checking project task-effort for permissions ["firebase.projects.get"]
[debug] [2020-04-16T20:40:57.054Z] >>> HTTP REQUEST POST https://cloudresourcemanager.googleapis.com/v1/projects/task-effort:testIamPermissions  
 {"permissions":["firebase.projects.get"]}
[debug] [2020-04-16T20:40:57.365Z] <<< HTTP RESPONSE 200 {"content-type":"application/json; charset=UTF-8","vary":"X-Origin, Referer, Origin,Accept-Encoding","date":"Thu, 16 Apr 2020 20:40:57 GMT","server":"ESF","cache-control":"private","x-xss-protection":"0","x-frame-options":"SAMEORIGIN","x-content-type-options":"nosniff","server-timing":"gfet4t7; dur=169","alt-svc":"quic=\":443\"; ma=2592000; v=\"46,43\",h3-Q050=\":443\"; ma=2592000,h3-Q049=\":443\"; ma=2592000,h3-Q048=\":443\"; ma=2592000,h3-Q046=\":443\"; ma=2592000,h3-Q043=\":443\"; ma=2592000,h3-T050=\":443\"; ma=2592000","accept-ranges":"none","transfer-encoding":"chunked"}
[debug] [2020-04-16T20:40:57.367Z] >>> HTTP REQUEST GET https://firebase.googleapis.com/v1beta1/projects/task-effort  
 
[debug] [2020-04-16T20:40:57.607Z] <<< HTTP RESPONSE 200 {"content-type":"application/json; charset=UTF-8","vary":"X-Origin, Referer, Origin,Accept-Encoding","date":"Thu, 16 Apr 2020 20:40:57 GMT","server":"ESF","cache-control":"private","x-xss-protection":"0","x-frame-options":"SAMEORIGIN","x-content-type-options":"nosniff","alt-svc":"quic=\":443\"; ma=2592000; v=\"46,43\",h3-Q050=\":443\"; ma=2592000,h3-Q049=\":443\"; ma=2592000,h3-Q048=\":443\"; ma=2592000,h3-Q046=\":443\"; ma=2592000,h3-Q043=\":443\"; ma=2592000,h3-T050=\":443\"; ma=2592000","accept-ranges":"none","transfer-encoding":"chunked"}
[info] 
[info] === Serving from '/Users/wasita/Documents/GitHub/task-effort'...
[info] 
[debug] [2020-04-16T20:40:57.609Z] >>> HTTP REQUEST GET https://firebase.googleapis.com/v1beta1/projects/task-effort/webApps/-/config  
 
[debug] [2020-04-16T20:40:57.996Z] <<< HTTP RESPONSE 200 {"content-type":"application/json; charset=UTF-8","vary":"X-Origin, Referer, Origin,Accept-Encoding","date":"Thu, 16 Apr 2020 20:40:57 GMT","server":"ESF","cache-control":"private","x-xss-protection":"0","x-frame-options":"SAMEORIGIN","x-content-type-options":"nosniff","alt-svc":"quic=\":443\"; ma=2592000; v=\"46,43\",h3-Q050=\":443\"; ma=2592000,h3-Q049=\":443\"; ma=2592000,h3-Q048=\":443\"; ma=2592000,h3-Q046=\":443\"; ma=2592000,h3-Q043=\":443\"; ma=2592000,h3-T050=\":443\"; ma=2592000","accept-ranges":"none","transfer-encoding":"chunked"}
[info] i  hosting: Serving hosting files from: build
[info] ✔  hosting: Local server: http://localhost:5000
